<?xml version="1.0" encoding="utf-8"?><testsuites name="pytest tests"><testsuite name="pytest" errors="0" failures="1" skipped="0" tests="8" time="64.102" timestamp="2026-01-04T11:19:19.238563+00:00" hostname="agent-env-1d6e1a47-f388-433a-a4f1-269d060783e5"><testcase classname="tests.test_eric_file_analysis.TestERICFileAnalysisEndpoint" name="test_analyze_png_image_generic_context" time="16.712" /><testcase classname="tests.test_eric_file_analysis.TestERICFileAnalysisEndpoint" name="test_analyze_jpeg_image_work_context" time="3.641" /><testcase classname="tests.test_eric_file_analysis.TestERICFileAnalysisEndpoint" name="test_analyze_image_family_context" time="8.974" /><testcase classname="tests.test_eric_file_analysis.TestERICFileAnalysisEndpoint" name="test_analyze_image_marketplace_context" time="11.854" /><testcase classname="tests.test_eric_file_analysis.TestERICFileAnalysisEndpoint" name="test_analyze_text_document" time="13.053" /><testcase classname="tests.test_eric_file_analysis.TestERICFileAnalysisEndpoint" name="test_analyze_without_file_returns_error" time="0.092"><failure message="AssertionError: Expected 400, got 520&#10;assert 520 == 400&#10; +  where 520 = &lt;Response [520]&gt;.status_code">tests/test_eric_file_analysis.py:213: in test_analyze_without_file_returns_error
    assert response.status_code == 400, f"Expected 400, got {response.status_code}"
E   AssertionError: Expected 400, got 520
E   assert 520 == 400
E    +  where 520 = &lt;Response [520]&gt;.status_code</failure></testcase><testcase classname="tests.test_eric_file_analysis.TestERICFileAnalysisEndpoint" name="test_analyze_without_auth_returns_401" time="0.046" /><testcase classname="tests.test_eric_file_analysis.TestERICAnalysisResponseFormat" name="test_analysis_response_contains_markdown" time="9.529" /></testsuite></testsuites>