<?xml version="1.0" encoding="utf-8"?><testsuites name="pytest tests"><testsuite name="pytest" errors="0" failures="0" skipped="0" tests="8" time="60.102" timestamp="2026-01-04T11:24:21.467606+00:00" hostname="agent-env-1d6e1a47-f388-433a-a4f1-269d060783e5"><testcase classname="tests.test_eric_file_analysis.TestERICFileAnalysisEndpoint" name="test_analyze_png_image_generic_context" time="10.675" /><testcase classname="tests.test_eric_file_analysis.TestERICFileAnalysisEndpoint" name="test_analyze_jpeg_image_work_context" time="4.495" /><testcase classname="tests.test_eric_file_analysis.TestERICFileAnalysisEndpoint" name="test_analyze_image_family_context" time="9.200" /><testcase classname="tests.test_eric_file_analysis.TestERICFileAnalysisEndpoint" name="test_analyze_image_marketplace_context" time="11.632" /><testcase classname="tests.test_eric_file_analysis.TestERICFileAnalysisEndpoint" name="test_analyze_text_document" time="13.558" /><testcase classname="tests.test_eric_file_analysis.TestERICFileAnalysisEndpoint" name="test_analyze_without_file_returns_error" time="0.058" /><testcase classname="tests.test_eric_file_analysis.TestERICFileAnalysisEndpoint" name="test_analyze_without_auth_returns_401" time="0.051" /><testcase classname="tests.test_eric_file_analysis.TestERICAnalysisResponseFormat" name="test_analysis_response_contains_markdown" time="10.362" /></testsuite></testsuites>